{"numTotalTestSuites":2,"numPassedTestSuites":2,"numFailedTestSuites":0,"numPendingTestSuites":0,"numTotalTests":17,"numPassedTests":17,"numFailedTests":0,"numPendingTests":0,"numTodoTests":0,"startTime":1770206640291,"success":true,"testResults":[{"assertionResults":[{"ancestorTitles":["","LandingPage"],"fullName":" LandingPage should render hero section with main title","status":"passed","title":"should render hero section with main title","duration":18,"failureMessages":[]},{"ancestorTitles":["","LandingPage"],"fullName":" LandingPage should render hero section description","status":"passed","title":"should render hero section description","duration":4,"failureMessages":[]},{"ancestorTitles":["","LandingPage"],"fullName":" LandingPage should render Get Started button with link to /dashboard","status":"passed","title":"should render Get Started button with link to /dashboard","duration":4,"failureMessages":[]},{"ancestorTitles":["","LandingPage"],"fullName":" LandingPage should render Learn More button with link to /about","status":"passed","title":"should render Learn More button with link to /about","duration":4,"failureMessages":[]},{"ancestorTitles":["","LandingPage"],"fullName":" LandingPage should render Dashboard Preview placeholder","status":"passed","title":"should render Dashboard Preview placeholder","duration":3,"failureMessages":[]},{"ancestorTitles":["","LandingPage"],"fullName":" LandingPage should render Features section heading","status":"passed","title":"should render Features section heading","duration":3,"failureMessages":[]},{"ancestorTitles":["","LandingPage"],"fullName":" LandingPage should render all 6 feature cards","status":"passed","title":"should render all 6 feature cards","duration":6,"failureMessages":[]},{"ancestorTitles":["","LandingPage"],"fullName":" LandingPage should render feature card descriptions","status":"passed","title":"should render feature card descriptions","duration":4,"failureMessages":[]},{"ancestorTitles":["","LandingPage"],"fullName":" LandingPage should render How It Works section","status":"passed","title":"should render How It Works section","duration":2,"failureMessages":[]},{"ancestorTitles":["","LandingPage"],"fullName":" LandingPage should render all 3 steps in How It Works section","status":"passed","title":"should render all 3 steps in How It Works section","duration":4,"failureMessages":[]},{"ancestorTitles":["","LandingPage"],"fullName":" LandingPage should render step numbers 1, 2, 3","status":"passed","title":"should render step numbers 1, 2, 3","duration":3,"failureMessages":[]},{"ancestorTitles":["","LandingPage"],"fullName":" LandingPage should render CTA section","status":"passed","title":"should render CTA section","duration":3,"failureMessages":[]},{"ancestorTitles":["","LandingPage"],"fullName":" LandingPage should render Start Analyzing Now button with link to /dashboard","status":"passed","title":"should render Start Analyzing Now button with link to /dashboard","duration":2,"failureMessages":[]},{"ancestorTitles":["","LandingPage"],"fullName":" LandingPage should render Header component","status":"passed","title":"should render Header component","duration":3,"failureMessages":[]},{"ancestorTitles":["","LandingPage"],"fullName":" LandingPage should render Footer component","status":"passed","title":"should render Footer component","duration":2,"failureMessages":[]},{"ancestorTitles":["","LandingPage"],"fullName":" LandingPage should render all feature icons","status":"passed","title":"should render all feature icons","duration":2,"failureMessages":[]},{"ancestorTitles":["","LandingPage"],"fullName":" LandingPage should render ArrowRight icons on CTA buttons","status":"passed","title":"should render ArrowRight icons on CTA buttons","duration":2,"failureMessages":[]}],"startTime":1770206640641,"endTime":1770206640710,"status":"passed","message":"","name":"/Users/sangyi/workspace/projects/doers/tests/unit/pages/landing.test.tsx"}]}